SF:lib\model\CharacterModel.dart
DA:11,1
DA:14,0
DA:15,0
DA:17,0
DA:19,1
DA:20,4
DA:28,1
DA:30,0
DA:31,0
DA:33,0
DA:35,0
DA:36,0
LF:12
LH:4
end_of_record
SF:lib\model\CharacterModel.g.dart
DA:9,0
DA:10,0
DA:11,0
DA:12,0
DA:13,0
DA:16,0
DA:17,0
DA:18,0
DA:19,0
DA:20,0
DA:23,0
DA:24,0
DA:25,0
DA:28,0
DA:29,0
DA:30,0
LF:16
LH:0
end_of_record
SF:lib\view\CharactersWidget.dart
DA:16,1
DA:19,1
DA:20,1
DA:29,1
DA:31,2
DA:32,3
DA:34,0
DA:37,0
DA:39,3
DA:43,2
DA:44,2
DA:47,1
DA:48,1
DA:50,1
DA:51,1
DA:53,1
DA:57,1
DA:61,1
DA:62,1
DA:63,1
DA:64,1
DA:65,2
DA:66,1
DA:68,2
DA:76,1
DA:77,1
DA:78,2
DA:79,1
DA:81,2
DA:91,1
DA:92,1
DA:93,1
DA:94,1
DA:98,1
DA:100,1
DA:102,1
DA:103,1
DA:105,1
DA:106,1
DA:112,1
DA:113,1
DA:117,1
DA:118,1
DA:123,1
DA:127,1
DA:128,1
DA:129,0
DA:130,1
DA:134,1
DA:135,1
DA:144,1
DA:145,1
DA:148,2
DA:149,1
DA:150,2
DA:152,1
DA:157,1
DA:158,1
DA:160,1
DA:163,1
DA:164,1
DA:165,1
DA:167,0
DA:168,0
DA:169,0
DA:171,0
DA:179,1
DA:180,1
DA:181,2
DA:182,4
DA:183,4
DA:184,1
DA:186,2
DA:187,1
DA:191,0
DA:192,0
DA:194,0
DA:195,0
LF:78
LH:67
end_of_record
SF:lib\app\app_config.dart
DA:13,0
DA:17,0
DA:18,0
DA:20,0
DA:24,0
DA:27,0
DA:29,0
DA:30,0
DA:33,0
LF:9
LH:0
end_of_record
