SF:lib\app\app_config.dart
DA:13,0
DA:17,0
DA:18,0
DA:20,0
DA:24,0
DA:27,0
DA:29,0
DA:30,0
DA:32,0
DA:35,0
DA:41,0
DA:42,0
LF:12
LH:0
end_of_record
SF:lib\model\CharacterModel.dart
DA:11,1
DA:14,0
DA:15,0
DA:17,0
DA:19,1
DA:20,4
DA:28,1
DA:30,0
DA:31,0
DA:33,0
DA:35,1
DA:36,2
LF:12
LH:6
end_of_record
SF:lib\model\CharacterModel.g.dart
DA:9,0
DA:10,0
DA:11,0
DA:12,0
DA:13,0
DA:16,0
DA:17,0
DA:18,0
DA:19,0
DA:20,0
DA:23,0
DA:24,0
DA:25,0
DA:28,0
DA:29,0
DA:30,0
LF:16
LH:0
end_of_record
SF:lib\view\CharacterDetailsWidget.dart
DA:9,1
DA:11,1
DA:12,1
DA:16,1
DA:20,2
DA:21,0
DA:24,3
DA:27,1
DA:30,2
DA:31,1
DA:32,1
DA:34,1
DA:35,1
DA:38,1
DA:39,1
DA:40,1
DA:42,1
DA:45,1
DA:46,1
DA:47,1
DA:48,1
DA:49,1
DA:54,1
DA:61,1
DA:65,1
DA:66,1
DA:68,1
DA:73,1
DA:75,1
DA:76,1
DA:77,1
DA:96,1
DA:97,3
DA:98,0
DA:99,1
DA:100,2
DA:101,1
DA:103,1
DA:108,1
DA:109,1
LF:40
LH:38
end_of_record
SF:lib\view\CharactersWidget.dart
DA:20,1
DA:23,1
DA:24,1
DA:33,1
DA:35,1
DA:37,2
DA:40,1
DA:42,2
DA:43,3
DA:45,0
DA:48,0
DA:50,3
DA:54,2
DA:55,2
DA:58,1
DA:59,1
DA:61,1
DA:62,1
DA:64,1
DA:68,1
DA:72,1
DA:73,1
DA:74,1
DA:76,1
DA:77,2
DA:78,1
DA:80,2
DA:88,1
DA:90,1
DA:91,2
DA:92,1
DA:94,2
DA:104,1
DA:105,1
DA:106,1
DA:107,1
DA:111,1
DA:113,1
DA:115,1
DA:116,1
DA:118,1
DA:119,1
DA:125,1
DA:126,1
DA:130,1
DA:131,1
DA:136,1
DA:140,1
DA:141,1
DA:142,0
DA:143,1
DA:147,1
DA:148,1
DA:157,1
DA:158,1
DA:161,2
DA:162,1
DA:163,2
DA:165,1
DA:170,1
DA:171,1
DA:173,1
DA:176,1
DA:178,1
DA:179,1
DA:181,1
DA:182,3
DA:183,0
DA:185,1
DA:193,1
DA:194,1
DA:195,2
DA:196,4
DA:197,4
DA:198,1
DA:200,2
DA:201,1
DA:205,1
DA:206,2
DA:208,4
DA:209,1
LF:81
LH:77
end_of_record
